Connecting to database specified by database.yml
Connecting to database specified by database.yml


Started GET "/assets/rails.png" for 127.0.0.1 at 2013-07-19 16:37:39 +0800
Served asset /rails.png - 200 OK (8ms)
Connecting to database specified by database.yml


Started GET "/products" for 127.0.0.1 at 2013-07-19 16:39:29 +0800
Processing by ProductsController#index as HTML
Completed 500 Internal Server Error in 32ms

ActiveRecord::StatementInvalid (Could not find table 'products'):
  app/controllers/products_controller.rb:5:in `index'


  Rendered /Users/twer/.rvm/gems/ruby-1.9.3-p327@ajaxify_your_site/gems/actionpack-3.2.13/lib/action_dispatch/middleware/templates/rescues/_trace.erb (2.2ms)
  Rendered /Users/twer/.rvm/gems/ruby-1.9.3-p327@ajaxify_your_site/gems/actionpack-3.2.13/lib/action_dispatch/middleware/templates/rescues/_request_and_response.erb (1.6ms)
  Rendered /Users/twer/.rvm/gems/ruby-1.9.3-p327@ajaxify_your_site/gems/actionpack-3.2.13/lib/action_dispatch/middleware/templates/rescues/diagnostics.erb within rescues/layout (18.4ms)
  [1m[36m (0.2ms)[0m  [1mselect sqlite_version(*)[0m
  [1m[35m (1.5ms)[0m  CREATE TABLE "schema_migrations" ("version" varchar(255) NOT NULL) 
  [1m[36m (1.0ms)[0m  [1mCREATE UNIQUE INDEX "unique_schema_migrations" ON "schema_migrations" ("version")[0m
  [1m[35m (0.1ms)[0m  SELECT "schema_migrations"."version" FROM "schema_migrations" 
Migrating to CreateProducts (20130719083842)
  [1m[36m (0.0ms)[0m  [1mbegin transaction[0m
  [1m[35m (0.5ms)[0m  CREATE TABLE "products" ("id" INTEGER PRIMARY KEY AUTOINCREMENT NOT NULL, "name" varchar(255), "price" integer, "created_at" datetime NOT NULL, "updated_at" datetime NOT NULL) 
  [1m[36m (0.1ms)[0m  [1mINSERT INTO "schema_migrations" ("version") VALUES ('20130719083842')[0m
  [1m[35m (0.6ms)[0m  commit transaction
  [1m[36m (0.1ms)[0m  [1mSELECT "schema_migrations"."version" FROM "schema_migrations" [0m


Started GET "/products" for 127.0.0.1 at 2013-07-19 16:39:44 +0800
Processing by ProductsController#index as HTML
  [1m[36mProduct Load (0.1ms)[0m  [1mSELECT "products".* FROM "products" [0m
  Rendered products/index.html.erb within layouts/application (1.5ms)
Compiled products.css  (11ms)  (pid 5779)
Compiled scaffolds.css  (21ms)  (pid 5779)
Compiled application.css  (84ms)  (pid 5779)
Compiled jquery.js  (6ms)  (pid 5779)
Compiled jquery_ujs.js  (0ms)  (pid 5779)
Compiled products.js  (93ms)  (pid 5779)
Compiled application.js  (166ms)  (pid 5779)
Completed 200 OK in 357ms (Views: 353.5ms | ActiveRecord: 0.7ms)


Started GET "/assets/scaffolds.css?body=1" for 127.0.0.1 at 2013-07-19 16:39:44 +0800
Served asset /scaffolds.css - 200 OK (4ms)


Started GET "/assets/application.css?body=1" for 127.0.0.1 at 2013-07-19 16:39:44 +0800
Served asset /application.css - 200 OK (9ms)


Started GET "/assets/jquery.js?body=1" for 127.0.0.1 at 2013-07-19 16:39:44 +0800
Served asset /jquery.js - 200 OK (5ms)


Started GET "/assets/jquery_ujs.js?body=1" for 127.0.0.1 at 2013-07-19 16:39:44 +0800
Served asset /jquery_ujs.js - 200 OK (3ms)


Started GET "/assets/application.js?body=1" for 127.0.0.1 at 2013-07-19 16:39:44 +0800
Served asset /application.js - 200 OK (11ms)


Started GET "/assets/products.js?body=1" for 127.0.0.1 at 2013-07-19 16:39:44 +0800
Served asset /products.js - 304 Not Modified (2ms)


Started GET "/assets/products.css?body=1" for 127.0.0.1 at 2013-07-19 16:39:44 +0800
Served asset /products.css - 304 Not Modified (2ms)


Started GET "/products" for 127.0.0.1 at 2013-07-19 16:41:45 +0800
Processing by ProductsController#index as HTML
  [1m[35mProduct Load (0.2ms)[0m  SELECT "products".* FROM "products" 
  Rendered products/index.html.erb within layouts/application (1.7ms)
Completed 200 OK in 24ms (Views: 22.6ms | ActiveRecord: 0.2ms)


Started GET "/assets/application.css?body=1" for 127.0.0.1 at 2013-07-19 16:41:45 +0800
Served asset /application.css - 304 Not Modified (0ms)


Started GET "/assets/scaffolds.css?body=1" for 127.0.0.1 at 2013-07-19 16:41:45 +0800
Served asset /scaffolds.css - 304 Not Modified (0ms)


Started GET "/assets/products.css?body=1" for 127.0.0.1 at 2013-07-19 16:41:45 +0800
Served asset /products.css - 304 Not Modified (0ms)


Started GET "/assets/products.js?body=1" for 127.0.0.1 at 2013-07-19 16:41:45 +0800
Served asset /products.js - 304 Not Modified (0ms)


Started GET "/assets/jquery.js?body=1" for 127.0.0.1 at 2013-07-19 16:41:45 +0800
Served asset /jquery.js - 304 Not Modified (0ms)


Started GET "/assets/jquery_ujs.js?body=1" for 127.0.0.1 at 2013-07-19 16:41:45 +0800
Served asset /jquery_ujs.js - 304 Not Modified (0ms)


Started GET "/assets/application.js?body=1" for 127.0.0.1 at 2013-07-19 16:41:45 +0800
Served asset /application.js - 304 Not Modified (0ms)


Started GET "/products" for 127.0.0.1 at 2013-07-19 16:41:46 +0800
Processing by ProductsController#index as HTML
  [1m[36mProduct Load (0.2ms)[0m  [1mSELECT "products".* FROM "products" [0m
  Rendered products/index.html.erb within layouts/application (0.5ms)
Completed 200 OK in 23ms (Views: 22.2ms | ActiveRecord: 0.2ms)


Started GET "/assets/application.css?body=1" for 127.0.0.1 at 2013-07-19 16:41:46 +0800
Served asset /application.css - 304 Not Modified (0ms)


Started GET "/assets/products.css?body=1" for 127.0.0.1 at 2013-07-19 16:41:46 +0800
Served asset /products.css - 304 Not Modified (0ms)


Started GET "/assets/jquery.js?body=1" for 127.0.0.1 at 2013-07-19 16:41:46 +0800
Served asset /jquery.js - 304 Not Modified (0ms)


Started GET "/assets/scaffolds.css?body=1" for 127.0.0.1 at 2013-07-19 16:41:46 +0800
Served asset /scaffolds.css - 304 Not Modified (0ms)


Started GET "/assets/products.js?body=1" for 127.0.0.1 at 2013-07-19 16:41:46 +0800
Served asset /products.js - 304 Not Modified (0ms)


Started GET "/assets/jquery_ujs.js?body=1" for 127.0.0.1 at 2013-07-19 16:41:46 +0800
Served asset /jquery_ujs.js - 304 Not Modified (0ms)


Started GET "/assets/application.js?body=1" for 127.0.0.1 at 2013-07-19 16:41:46 +0800
Served asset /application.js - 304 Not Modified (0ms)


Started GET "/products" for 127.0.0.1 at 2013-07-19 16:49:26 +0800
Processing by ProductsController#index as HTML
  [1m[35mProduct Load (0.1ms)[0m  SELECT "products".* FROM "products" 
  Rendered products/index.html.erb within layouts/application (0.6ms)
Completed 200 OK in 27ms (Views: 22.8ms | ActiveRecord: 0.6ms)


Started GET "/assets/application.css?body=1" for 127.0.0.1 at 2013-07-19 16:49:26 +0800
Served asset /application.css - 304 Not Modified (0ms)


Started GET "/assets/products.css?body=1" for 127.0.0.1 at 2013-07-19 16:49:26 +0800
Served asset /products.css - 304 Not Modified (0ms)


Started GET "/assets/jquery.js?body=1" for 127.0.0.1 at 2013-07-19 16:49:26 +0800
Served asset /jquery.js - 304 Not Modified (0ms)


Started GET "/assets/scaffolds.css?body=1" for 127.0.0.1 at 2013-07-19 16:49:26 +0800
Served asset /scaffolds.css - 304 Not Modified (0ms)


Started GET "/assets/jquery_ujs.js?body=1" for 127.0.0.1 at 2013-07-19 16:49:26 +0800
Served asset /jquery_ujs.js - 304 Not Modified (0ms)


Started GET "/assets/products.js?body=1" for 127.0.0.1 at 2013-07-19 16:49:26 +0800
Served asset /products.js - 304 Not Modified (0ms)


Started GET "/assets/application.js?body=1" for 127.0.0.1 at 2013-07-19 16:49:26 +0800
Served asset /application.js - 304 Not Modified (0ms)


Started GET "/products/new" for 127.0.0.1 at 2013-07-19 16:49:28 +0800
Processing by ProductsController#new as JS
  Rendered products/_form.html.erb (14.7ms)
  Rendered products/new.js.erb (22.8ms)
Completed 200 OK in 33ms (Views: 25.1ms | ActiveRecord: 0.0ms)


Started POST "/products" for 127.0.0.1 at 2013-07-19 16:49:44 +0800
Processing by ProductsController#create as HTML
  Parameters: {"utf8"=>"✓", "authenticity_token"=>"YrSeGbShi60M6ZZTuXMqXYjziXqrP7RL6SFlzrUe4AM=", "product"=>{"name"=>"first", "price"=>"1"}, "commit"=>"Create Product"}
  [1m[36m (0.1ms)[0m  [1mbegin transaction[0m
  [1m[35mSQL (9.3ms)[0m  INSERT INTO "products" ("created_at", "name", "price", "updated_at") VALUES (?, ?, ?, ?)  [["created_at", Fri, 19 Jul 2013 08:49:44 UTC +00:00], ["name", "first"], ["price", 1], ["updated_at", Fri, 19 Jul 2013 08:49:44 UTC +00:00]]
  [1m[36m (0.9ms)[0m  [1mcommit transaction[0m
Redirected to http://localhost:3000/products/1
Completed 302 Found in 36ms (ActiveRecord: 10.4ms)


Started GET "/products/1" for 127.0.0.1 at 2013-07-19 16:49:44 +0800
Processing by ProductsController#show as HTML
  Parameters: {"id"=>"1"}
  [1m[35mProduct Load (0.2ms)[0m  SELECT "products".* FROM "products" WHERE "products"."id" = ? LIMIT 1  [["id", "1"]]
  Rendered products/show.html.erb within layouts/application (1.7ms)
Completed 200 OK in 28ms (Views: 24.8ms | ActiveRecord: 0.2ms)


Started GET "/assets/products.css?body=1" for 127.0.0.1 at 2013-07-19 16:49:44 +0800
Served asset /products.css - 304 Not Modified (0ms)


Started GET "/assets/application.css?body=1" for 127.0.0.1 at 2013-07-19 16:49:44 +0800
Served asset /application.css - 304 Not Modified (0ms)


Started GET "/assets/scaffolds.css?body=1" for 127.0.0.1 at 2013-07-19 16:49:44 +0800
Served asset /scaffolds.css - 304 Not Modified (0ms)


Started GET "/assets/products.js?body=1" for 127.0.0.1 at 2013-07-19 16:49:44 +0800
Served asset /products.js - 304 Not Modified (0ms)


Started GET "/assets/jquery_ujs.js?body=1" for 127.0.0.1 at 2013-07-19 16:49:44 +0800
Served asset /jquery_ujs.js - 304 Not Modified (0ms)


Started GET "/assets/jquery.js?body=1" for 127.0.0.1 at 2013-07-19 16:49:44 +0800
Served asset /jquery.js - 304 Not Modified (0ms)


Started GET "/assets/application.js?body=1" for 127.0.0.1 at 2013-07-19 16:49:44 +0800
Served asset /application.js - 304 Not Modified (0ms)


Started GET "/products/1" for 127.0.0.1 at 2013-07-19 16:50:28 +0800
Processing by ProductsController#show as HTML
  Parameters: {"id"=>"1"}
  [1m[36mProduct Load (0.1ms)[0m  [1mSELECT "products".* FROM "products" WHERE "products"."id" = ? LIMIT 1[0m  [["id", "1"]]
  Rendered products/show.html.erb within layouts/application (0.9ms)
Completed 200 OK in 50ms (Views: 21.6ms | ActiveRecord: 0.1ms)


Started GET "/assets/products.css?body=1" for 127.0.0.1 at 2013-07-19 16:50:28 +0800
Served asset /products.css - 304 Not Modified (0ms)


Started GET "/assets/scaffolds.css?body=1" for 127.0.0.1 at 2013-07-19 16:50:28 +0800
Served asset /scaffolds.css - 304 Not Modified (0ms)


Started GET "/assets/application.css?body=1" for 127.0.0.1 at 2013-07-19 16:50:28 +0800
Served asset /application.css - 304 Not Modified (0ms)


Started GET "/assets/jquery_ujs.js?body=1" for 127.0.0.1 at 2013-07-19 16:50:28 +0800
Served asset /jquery_ujs.js - 304 Not Modified (0ms)


Started GET "/assets/jquery.js?body=1" for 127.0.0.1 at 2013-07-19 16:50:28 +0800
Served asset /jquery.js - 304 Not Modified (0ms)


Started GET "/assets/products.js?body=1" for 127.0.0.1 at 2013-07-19 16:50:28 +0800
Served asset /products.js - 304 Not Modified (0ms)


Started GET "/assets/application.js?body=1" for 127.0.0.1 at 2013-07-19 16:50:28 +0800
Served asset /application.js - 304 Not Modified (0ms)


Started GET "/products/1" for 127.0.0.1 at 2013-07-19 16:50:29 +0800
Processing by ProductsController#show as HTML
  Parameters: {"id"=>"1"}
  [1m[35mProduct Load (0.1ms)[0m  SELECT "products".* FROM "products" WHERE "products"."id" = ? LIMIT 1  [["id", "1"]]
  Rendered products/show.html.erb within layouts/application (0.8ms)
Completed 200 OK in 22ms (Views: 20.9ms | ActiveRecord: 0.1ms)


Started GET "/assets/application.css?body=1" for 127.0.0.1 at 2013-07-19 16:50:30 +0800
Served asset /application.css - 304 Not Modified (0ms)


Started GET "/assets/jquery.js?body=1" for 127.0.0.1 at 2013-07-19 16:50:30 +0800
Served asset /jquery.js - 304 Not Modified (0ms)


Started GET "/assets/products.css?body=1" for 127.0.0.1 at 2013-07-19 16:50:30 +0800
Served asset /products.css - 304 Not Modified (0ms)


Started GET "/assets/scaffolds.css?body=1" for 127.0.0.1 at 2013-07-19 16:50:30 +0800
Served asset /scaffolds.css - 304 Not Modified (0ms)


Started GET "/assets/jquery_ujs.js?body=1" for 127.0.0.1 at 2013-07-19 16:50:30 +0800
Served asset /jquery_ujs.js - 304 Not Modified (0ms)


Started GET "/assets/products.js?body=1" for 127.0.0.1 at 2013-07-19 16:50:30 +0800
Served asset /products.js - 304 Not Modified (0ms)


Started GET "/assets/application.js?body=1" for 127.0.0.1 at 2013-07-19 16:50:30 +0800
Served asset /application.js - 304 Not Modified (0ms)


Started GET "/products" for 127.0.0.1 at 2013-07-19 16:50:31 +0800
Processing by ProductsController#index as HTML
  [1m[36mProduct Load (0.2ms)[0m  [1mSELECT "products".* FROM "products" [0m
  Rendered products/index.html.erb within layouts/application (2.0ms)
Completed 200 OK in 45ms (Views: 44.0ms | ActiveRecord: 0.2ms)


Started GET "/assets/application.css?body=1" for 127.0.0.1 at 2013-07-19 16:50:32 +0800
Served asset /application.css - 304 Not Modified (0ms)


Started GET "/assets/products.js?body=1" for 127.0.0.1 at 2013-07-19 16:50:32 +0800
Served asset /products.js - 304 Not Modified (0ms)


Started GET "/assets/products.css?body=1" for 127.0.0.1 at 2013-07-19 16:50:32 +0800
Served asset /products.css - 304 Not Modified (0ms)


Started GET "/assets/jquery_ujs.js?body=1" for 127.0.0.1 at 2013-07-19 16:50:32 +0800
Served asset /jquery_ujs.js - 304 Not Modified (0ms)


Started GET "/assets/jquery.js?body=1" for 127.0.0.1 at 2013-07-19 16:50:32 +0800
Served asset /jquery.js - 304 Not Modified (0ms)


Started GET "/assets/scaffolds.css?body=1" for 127.0.0.1 at 2013-07-19 16:50:32 +0800
Served asset /scaffolds.css - 304 Not Modified (0ms)


Started GET "/assets/application.js?body=1" for 127.0.0.1 at 2013-07-19 16:50:32 +0800
Served asset /application.js - 304 Not Modified (0ms)


Started GET "/products/new" for 127.0.0.1 at 2013-07-19 16:50:34 +0800
Processing by ProductsController#new as JS
  Rendered products/_form.html.erb (3.0ms)
  Rendered products/new.js.erb (4.1ms)
Completed 200 OK in 7ms (Views: 6.1ms | ActiveRecord: 0.0ms)


Started GET "/products" for 127.0.0.1 at 2013-07-19 17:01:22 +0800
Processing by ProductsController#index as HTML
  [1m[35mProduct Load (0.1ms)[0m  SELECT "products".* FROM "products" 
  Rendered products/_product.html.erb (36.1ms)
  Rendered products/index.html.erb within layouts/application (37.8ms)
Completed 500 Internal Server Error in 52ms

ActionView::Template::Error (Called id for nil, which would mistakenly be 4 -- if you really wanted the id of nil, use object_id):
    1: <tr id="product_<%= product.id %>">
    2:   <td><%= product.name %></td>
    3:   <td><%= product.price %></td>
    4:   <td><%= link_to 'Show', product %></td>
  app/views/products/_product.html.erb:1:in `_app_views_products__product_html_erb___1903112099521856937_70120636144840'
  app/views/products/index.html.erb:14:in `block in _app_views_products_index_html_erb___1088243305916566702_70120636163620'
  app/views/products/index.html.erb:13:in `each'
  app/views/products/index.html.erb:13:in `_app_views_products_index_html_erb___1088243305916566702_70120636163620'
  app/controllers/products_controller.rb:7:in `index'


  Rendered /Users/twer/.rvm/gems/ruby-1.9.3-p327@ajaxify_your_site/gems/actionpack-3.2.13/lib/action_dispatch/middleware/templates/rescues/_trace.erb (2.6ms)
  Rendered /Users/twer/.rvm/gems/ruby-1.9.3-p327@ajaxify_your_site/gems/actionpack-3.2.13/lib/action_dispatch/middleware/templates/rescues/_request_and_response.erb (1.5ms)
  Rendered /Users/twer/.rvm/gems/ruby-1.9.3-p327@ajaxify_your_site/gems/actionpack-3.2.13/lib/action_dispatch/middleware/templates/rescues/template_error.erb within rescues/layout (14.7ms)


Started GET "/products" for 127.0.0.1 at 2013-07-19 17:02:15 +0800
Processing by ProductsController#index as HTML
  [1m[36mProduct Load (0.2ms)[0m  [1mSELECT "products".* FROM "products" [0m
  Rendered products/index.html.erb within layouts/application (1.7ms)
Completed 500 Internal Server Error in 5ms

ActionView::Template::Error (':product' is not an ActiveModel-compatible object that returns a valid partial path.):
    11: 
    12:   <tbody id="products">
    13:   <% @products.each do |product| %>
    14:     <%= render :product, :product => product %>
    15:   <% end %>
    16:   </tbody>
    17: </table>
  app/views/products/index.html.erb:14:in `block in _app_views_products_index_html_erb___1088243305916566702_70120636021160'
  app/views/products/index.html.erb:13:in `each'
  app/views/products/index.html.erb:13:in `_app_views_products_index_html_erb___1088243305916566702_70120636021160'
  app/controllers/products_controller.rb:7:in `index'


  Rendered /Users/twer/.rvm/gems/ruby-1.9.3-p327@ajaxify_your_site/gems/actionpack-3.2.13/lib/action_dispatch/middleware/templates/rescues/_trace.erb (2.1ms)
  Rendered /Users/twer/.rvm/gems/ruby-1.9.3-p327@ajaxify_your_site/gems/actionpack-3.2.13/lib/action_dispatch/middleware/templates/rescues/_request_and_response.erb (1.6ms)
  Rendered /Users/twer/.rvm/gems/ruby-1.9.3-p327@ajaxify_your_site/gems/actionpack-3.2.13/lib/action_dispatch/middleware/templates/rescues/template_error.erb within rescues/layout (12.8ms)


Started GET "/products" for 127.0.0.1 at 2013-07-19 17:02:38 +0800
Processing by ProductsController#index as HTML
  [1m[35mProduct Load (0.2ms)[0m  SELECT "products".* FROM "products" 
  Rendered products/_product.html.erb (3.4ms)
  Rendered products/index.html.erb within layouts/application (5.4ms)
Completed 200 OK in 29ms (Views: 27.4ms | ActiveRecord: 0.2ms)


Started GET "/assets/scaffolds.css?body=1" for 127.0.0.1 at 2013-07-19 17:02:38 +0800
Served asset /scaffolds.css - 304 Not Modified (0ms)


Started GET "/assets/jquery.js?body=1" for 127.0.0.1 at 2013-07-19 17:02:38 +0800
Served asset /jquery.js - 304 Not Modified (0ms)


Started GET "/assets/application.css?body=1" for 127.0.0.1 at 2013-07-19 17:02:38 +0800
Served asset /application.css - 304 Not Modified (0ms)


Started GET "/assets/products.css?body=1" for 127.0.0.1 at 2013-07-19 17:02:38 +0800
Served asset /products.css - 304 Not Modified (0ms)


Started GET "/assets/products.js?body=1" for 127.0.0.1 at 2013-07-19 17:02:38 +0800
Served asset /products.js - 304 Not Modified (0ms)


Started GET "/assets/jquery_ujs.js?body=1" for 127.0.0.1 at 2013-07-19 17:02:38 +0800
Served asset /jquery_ujs.js - 304 Not Modified (0ms)


Started GET "/assets/application.js?body=1" for 127.0.0.1 at 2013-07-19 17:02:38 +0800
Served asset /application.js - 304 Not Modified (0ms)


Started GET "/products/new" for 127.0.0.1 at 2013-07-19 17:02:41 +0800
Processing by ProductsController#new as JS
  Rendered products/_form.html.erb (4.8ms)
  Rendered products/new.js.erb (6.2ms)
Completed 200 OK in 28ms (Views: 27.3ms | ActiveRecord: 0.0ms)


Started POST "/products" for 127.0.0.1 at 2013-07-19 17:02:46 +0800
Processing by ProductsController#create as JS
  Parameters: {"utf8"=>"✓", "authenticity_token"=>"YrSeGbShi60M6ZZTuXMqXYjziXqrP7RL6SFlzrUe4AM=", "product"=>{"name"=>"second", "price"=>"2"}, "commit"=>"Create Product"}
  [1m[36m (0.1ms)[0m  [1mbegin transaction[0m
  [1m[35mSQL (0.6ms)[0m  INSERT INTO "products" ("created_at", "name", "price", "updated_at") VALUES (?, ?, ?, ?)  [["created_at", Fri, 19 Jul 2013 09:02:46 UTC +00:00], ["name", "second"], ["price", 2], ["updated_at", Fri, 19 Jul 2013 09:02:46 UTC +00:00]]
  [1m[36m (1.0ms)[0m  [1mcommit transaction[0m
  Rendered products/_product.html.erb (2.4ms)
  Rendered products/create.js.erb (4.2ms)
Completed 200 OK in 13ms (Views: 6.4ms | ActiveRecord: 1.7ms)


Started GET "/products/2" for 127.0.0.1 at 2013-07-19 17:02:51 +0800
Processing by ProductsController#show as HTML
  Parameters: {"id"=>"2"}
  [1m[35mProduct Load (0.2ms)[0m  SELECT "products".* FROM "products" WHERE "products"."id" = ? LIMIT 1  [["id", "2"]]
  Rendered products/show.html.erb within layouts/application (1.1ms)
Completed 200 OK in 25ms (Views: 22.8ms | ActiveRecord: 0.2ms)


Started GET "/assets/application.css?body=1" for 127.0.0.1 at 2013-07-19 17:02:51 +0800
Served asset /application.css - 304 Not Modified (0ms)


Started GET "/assets/jquery.js?body=1" for 127.0.0.1 at 2013-07-19 17:02:51 +0800
Served asset /jquery.js - 304 Not Modified (0ms)


Started GET "/assets/products.css?body=1" for 127.0.0.1 at 2013-07-19 17:02:51 +0800
Served asset /products.css - 304 Not Modified (0ms)


Started GET "/assets/scaffolds.css?body=1" for 127.0.0.1 at 2013-07-19 17:02:51 +0800
Served asset /scaffolds.css - 304 Not Modified (0ms)


Started GET "/assets/jquery_ujs.js?body=1" for 127.0.0.1 at 2013-07-19 17:02:51 +0800
Served asset /jquery_ujs.js - 304 Not Modified (0ms)


Started GET "/assets/products.js?body=1" for 127.0.0.1 at 2013-07-19 17:02:51 +0800
Served asset /products.js - 304 Not Modified (0ms)


Started GET "/assets/application.js?body=1" for 127.0.0.1 at 2013-07-19 17:02:51 +0800
Served asset /application.js - 304 Not Modified (0ms)


Started GET "/products/1/edit" for 127.0.0.1 at 2013-07-19 17:02:53 +0800
Processing by ProductsController#edit as HTML
  Parameters: {"id"=>"1"}
  [1m[36mProduct Load (0.1ms)[0m  [1mSELECT "products".* FROM "products" WHERE "products"."id" = ? LIMIT 1[0m  [["id", "1"]]
  Rendered products/_form.html.erb (4.7ms)
  Rendered products/edit.html.erb within layouts/application (7.0ms)
Completed 200 OK in 33ms (Views: 30.7ms | ActiveRecord: 0.1ms)


Started GET "/assets/application.css?body=1" for 127.0.0.1 at 2013-07-19 17:02:54 +0800
Served asset /application.css - 304 Not Modified (0ms)


Started GET "/assets/scaffolds.css?body=1" for 127.0.0.1 at 2013-07-19 17:02:54 +0800
Served asset /scaffolds.css - 304 Not Modified (0ms)


Started GET "/assets/products.css?body=1" for 127.0.0.1 at 2013-07-19 17:02:54 +0800
Served asset /products.css - 304 Not Modified (0ms)


Started GET "/assets/jquery_ujs.js?body=1" for 127.0.0.1 at 2013-07-19 17:02:54 +0800
Served asset /jquery_ujs.js - 304 Not Modified (0ms)


Started GET "/assets/jquery.js?body=1" for 127.0.0.1 at 2013-07-19 17:02:54 +0800
Served asset /jquery.js - 304 Not Modified (0ms)


Started GET "/assets/products.js?body=1" for 127.0.0.1 at 2013-07-19 17:02:54 +0800
Served asset /products.js - 304 Not Modified (0ms)


Started GET "/assets/application.js?body=1" for 127.0.0.1 at 2013-07-19 17:02:54 +0800
Served asset /application.js - 304 Not Modified (0ms)


Started GET "/products" for 127.0.0.1 at 2013-07-19 17:02:59 +0800
Processing by ProductsController#index as HTML
  [1m[35mProduct Load (0.2ms)[0m  SELECT "products".* FROM "products" 
  Rendered products/_product.html.erb (1.7ms)
  Rendered products/_product.html.erb (1.2ms)
  Rendered products/index.html.erb within layouts/application (4.9ms)
Completed 200 OK in 28ms (Views: 26.9ms | ActiveRecord: 0.2ms)


Started GET "/assets/scaffolds.css?body=1" for 127.0.0.1 at 2013-07-19 17:02:59 +0800
Served asset /scaffolds.css - 304 Not Modified (0ms)


Started GET "/assets/jquery.js?body=1" for 127.0.0.1 at 2013-07-19 17:02:59 +0800
Served asset /jquery.js - 304 Not Modified (0ms)


Started GET "/assets/application.css?body=1" for 127.0.0.1 at 2013-07-19 17:02:59 +0800
Served asset /application.css - 304 Not Modified (0ms)


Started GET "/assets/jquery_ujs.js?body=1" for 127.0.0.1 at 2013-07-19 17:02:59 +0800
Served asset /jquery_ujs.js - 304 Not Modified (0ms)


Started GET "/assets/products.js?body=1" for 127.0.0.1 at 2013-07-19 17:02:59 +0800
Served asset /products.js - 304 Not Modified (0ms)


Started GET "/assets/products.css?body=1" for 127.0.0.1 at 2013-07-19 17:02:59 +0800
Served asset /products.css - 304 Not Modified (0ms)


Started GET "/assets/application.js?body=1" for 127.0.0.1 at 2013-07-19 17:02:59 +0800
Served asset /application.js - 304 Not Modified (0ms)


Started GET "/products/new" for 127.0.0.1 at 2013-07-19 17:54:09 +0800
Processing by ProductsController#new as JS
  Rendered products/_form.html.erb (24.2ms)
  Rendered products/new.js.erb (26.4ms)
Completed 200 OK in 41ms (Views: 30.1ms | ActiveRecord: 0.5ms)


Started POST "/products" for 127.0.0.1 at 2013-07-19 17:54:26 +0800
Processing by ProductsController#create as JS
  Parameters: {"utf8"=>"✓", "authenticity_token"=>"YrSeGbShi60M6ZZTuXMqXYjziXqrP7RL6SFlzrUe4AM=", "product"=>{"name"=>"", "price"=>""}, "commit"=>"Create Product"}
  [1m[36m (0.1ms)[0m  [1mbegin transaction[0m
  [1m[35mSQL (0.6ms)[0m  INSERT INTO "products" ("created_at", "name", "price", "updated_at") VALUES (?, ?, ?, ?)  [["created_at", Fri, 19 Jul 2013 09:54:26 UTC +00:00], ["name", ""], ["price", nil], ["updated_at", Fri, 19 Jul 2013 09:54:26 UTC +00:00]]
  [1m[36m (2.0ms)[0m  [1mcommit transaction[0m
  Rendered products/_product.html.erb (2.4ms)
  Rendered products/create.js.erb (4.4ms)
Completed 200 OK in 14ms (Views: 6.8ms | ActiveRecord: 2.7ms)


Started DELETE "/products/3" for 127.0.0.1 at 2013-07-19 17:54:29 +0800
Processing by ProductsController#destroy as HTML
  Parameters: {"authenticity_token"=>"YrSeGbShi60M6ZZTuXMqXYjziXqrP7RL6SFlzrUe4AM=", "id"=>"3"}
  [1m[35mProduct Load (0.2ms)[0m  SELECT "products".* FROM "products" WHERE "products"."id" = ? LIMIT 1  [["id", "3"]]
  [1m[36m (0.1ms)[0m  [1mbegin transaction[0m
  [1m[35mSQL (0.3ms)[0m  DELETE FROM "products" WHERE "products"."id" = ?  [["id", 3]]
  [1m[36m (1.4ms)[0m  [1mcommit transaction[0m
Redirected to http://localhost:3000/products
Completed 302 Found in 6ms (ActiveRecord: 2.0ms)


Started GET "/products" for 127.0.0.1 at 2013-07-19 17:54:29 +0800
Processing by ProductsController#index as HTML
  [1m[35mProduct Load (0.2ms)[0m  SELECT "products".* FROM "products" 
  Rendered products/_product.html.erb (2.4ms)
  Rendered products/_product.html.erb (2.3ms)
  Rendered products/index.html.erb within layouts/application (8.1ms)
Completed 200 OK in 35ms (Views: 32.4ms | ActiveRecord: 0.2ms)


Started GET "/assets/application.css?body=1" for 127.0.0.1 at 2013-07-19 17:54:30 +0800
Served asset /application.css - 304 Not Modified (0ms)


Started GET "/assets/scaffolds.css?body=1" for 127.0.0.1 at 2013-07-19 17:54:30 +0800
Served asset /scaffolds.css - 304 Not Modified (0ms)


Started GET "/assets/products.css?body=1" for 127.0.0.1 at 2013-07-19 17:54:30 +0800
Served asset /products.css - 304 Not Modified (0ms)


Started GET "/assets/jquery_ujs.js?body=1" for 127.0.0.1 at 2013-07-19 17:54:30 +0800
Served asset /jquery_ujs.js - 304 Not Modified (0ms)


Started GET "/assets/jquery.js?body=1" for 127.0.0.1 at 2013-07-19 17:54:30 +0800
Served asset /jquery.js - 304 Not Modified (0ms)


Started GET "/assets/products.js?body=1" for 127.0.0.1 at 2013-07-19 17:54:30 +0800
Served asset /products.js - 304 Not Modified (0ms)


Started GET "/assets/application.js?body=1" for 127.0.0.1 at 2013-07-19 17:54:30 +0800
Served asset /application.js - 304 Not Modified (0ms)
